<?xml version="1.0" encoding="UTF-8"?>
<!-- Generated by org.testng.reporters.JUnitXMLReporter -->
<testsuite ignored="1" hostname="lt-045" failures="0" tests="4" name="Test" time="53.687" errors="0" timestamp="2023-10-16T18:28:06 IST">
  <testcase classname="pom.test.Ip_Login_Test" name="LM_L_LIP" time="4.394"/>
  <testcase classname="pom.test.Prerak_Login_Test" name="LM_L_LP" time="4.263"/>
  <testcase classname="pom.test.Prerak_Edit_Test" name="PM_PPE_PP_PrerakHome" time="18.688"/>
  <testcase classname="pom.test.Prerak_Edit_Test" name="PM_PPE_PP_EditPrerakDetails_editName" time="19.719"/>
  <testcase classname="pom.test.Prerak_Edit_Test" name="PM_PPE_PP_EditPrerakDetails_editAddress" time="0.0">
    <ignored/>
  </testcase> <!-- PM_PPE_PP_EditPrerakDetails_editAddress -->
</testsuite> <!-- Test -->
