<?xml version="1.0" encoding="UTF-8"?>
<!-- Generated by org.testng.reporters.JUnitXMLReporter -->
<testsuite ignored="1" hostname="DESKTOP-KKJTQHG" failures="1" tests="4" name="Test" time="120.483" errors="0" timestamp="2023-10-17T17:53:17 IST">
  <testcase classname="pom.test.Ip_Login_Test" name="LM_L_LIP" time="9.563"/>
  <testcase classname="pom.test.Prerak_Login_Test" name="LM_L_LP" time="5.317">
    <failure type="java.lang.AssertionError" message="expected [Welcome Varun,] but found [Welcome VarunVarun,]">
      <![CDATA[java.lang.AssertionError: expected [Welcome Varun,] but found [Welcome VarunVarun,]
at pom.Prerak_Login.loginTestCases(Prerak_Login.java:97)
at pom.test.Prerak_Login_Test.LM_L_LP(Prerak_Login_Test.java:85)
at java.base/java.util.ArrayList.forEach(ArrayList.java:1511)
... Removed 37 stack frames]]>
    </failure>
  </testcase> <!-- LM_L_LP -->
  <testcase classname="pom.test.Prerak_Edit_Test" name="PM_PPE_PP_PrerakHome" time="22.375"/>
  <testcase classname="pom.test.Prerak_Edit_Test" name="PM_PPE_PP_EditPrerakDetails_editName" time="22.48"/>
  <testcase classname="pom.test.Prerak_Edit_Test" name="PM_PPE_PP_EditPrerakDetails_editAddress" time="0.0">
    <ignored/>
  </testcase> <!-- PM_PPE_PP_EditPrerakDetails_editAddress -->
</testsuite> <!-- Test -->
