<?xml version="1.0" encoding="UTF-8"?>
<testsuite xmlns:xsi="http://www.w3.org/2001/XMLSchema-instance" xsi:noNamespaceSchemaLocation="https://maven.apache.org/surefire/maven-surefire-plugin/xsd/surefire-test-report-3.0.xsd" version="3.0" name="TestSuite" time="122.483" tests="4" errors="0" skipped="0" failures="1">
  <properties>
[...]
</properties>
  <testcase name="LM_L_LIP[eg_admin, EgAdmiN1, public void pom.test.Ip_Login_Test.LM_L_LIP(java.lang.String,java.lang.String,java.lang.reflect.Method)](1)" classname="pom.test.Ip_Login_Test" time="9.569">
    <system-out><![CDATA[======>>>> LOG_FILE_NAME from Constants 
======:::: LOG_FILE_NAME -23-10-17_175116.log
======:::: LOG_FILE_DIR .\logs\20231017_175116\
Creating directory: .\logs\20231017_175116\
Creating directory: .\logs\20231017_175116\
]]></system-out>
    <system-err><![CDATA[SLF4J: No SLF4J providers were found.
SLF4J: Defaulting to no-operation (NOP) logger implementation
SLF4J: See https://www.slf4j.org/codes.html#noProviders for further details.
[2023-10-17 17:51:16] [INFO   ] Generating Test Report 
[2023-10-17 17:51:17] [INFO   ] Generating test report 
[2023-10-17 17:51:17] [INFO   ] Generating test report 
[2023-10-17 17:51:17] [INFO   ] Fetching data from the data provider 'EG_login' 
[2023-10-17 17:51:19] [INFO   ] Setting up the browser... 
[2023-10-17 17:52:05] [WARNING] Unable to find an exact match for CDP version 116, so returning the closest version found: 115 
[2023-10-17 17:52:09] [INFO   ] Started measuring time 2023-10-17T12:22:09.771275700Z 
[2023-10-17 17:52:09] [INFO   ] Executing LM_L_LIP Test Cases 
[2023-10-17 17:52:09] [INFO   ] Executing login test cases... 
[2023-10-17 17:52:09] [INFO   ] Entering username: eg_admin 
[2023-10-17 17:52:12] [INFO   ] Entering password... 
[2023-10-17 17:52:12] [INFO   ] Clicking on login button... 
[2023-10-17 17:52:17] [INFO   ] Clicking Logout... 
[2023-10-17 17:52:19] [INFO   ] IP Login test cases executed successfully. 
[2023-10-17 17:52:19] [INFO   ] LM_L_LIP Test Cases Execution Completed 
[2023-10-17 17:52:19] [INFO   ] Time elapsed - [In milli-seconds: 9546] [In seconds:9.546] 
]]></system-err>
  </testcase>
  <testcase name="LM_L_LP[varunb_b_9960051486, @6qFUHkji, public void pom.test.Prerak_Login_Test.LM_L_LP(java.lang.String,java.lang.String,java.lang.reflect.Method)](1)" classname="pom.test.Prerak_Login_Test" time="5.322">
    <failure message="expected [Welcome Varun,] but found [Welcome VarunVarun,]" type="java.lang.AssertionError"><![CDATA[java.lang.AssertionError: expected [Welcome Varun,] but found [Welcome VarunVarun,]
	at org.testng.Assert.fail(Assert.java:111)
	at org.testng.Assert.failNotEquals(Assert.java:1578)
	at org.testng.Assert.assertEqualsImpl(Assert.java:150)
	at org.testng.Assert.assertEquals(Assert.java:132)
	at org.testng.Assert.assertEquals(Assert.java:656)
	at org.testng.Assert.assertEquals(Assert.java:666)
	at pom.Prerak_Login.loginTestCases(Prerak_Login.java:97)
	at pom.test.Prerak_Login_Test.LM_L_LP(Prerak_Login_Test.java:85)
	at java.base/jdk.internal.reflect.NativeMethodAccessorImpl.invoke0(Native Method)
	at java.base/jdk.internal.reflect.NativeMethodAccessorImpl.invoke(NativeMethodAccessorImpl.java:77)
	at java.base/jdk.internal.reflect.DelegatingMethodAccessorImpl.invoke(DelegatingMethodAccessorImpl.java:43)
	at java.base/java.lang.reflect.Method.invoke(Method.java:568)
	at org.testng.internal.invokers.MethodInvocationHelper.invokeMethod(MethodInvocationHelper.java:139)
	at org.testng.internal.invokers.TestInvoker.invokeMethod(TestInvoker.java:664)
	at org.testng.internal.invokers.TestInvoker.invokeTestMethod(TestInvoker.java:227)
	at org.testng.internal.invokers.MethodRunner.runInSequence(MethodRunner.java:50)
	at org.testng.internal.invokers.TestInvoker$MethodInvocationAgent.invoke(TestInvoker.java:957)
	at org.testng.internal.invokers.TestInvoker.invokeTestMethods(TestInvoker.java:200)
	at org.testng.internal.invokers.TestMethodWorker.invokeTestMethods(TestMethodWorker.java:148)
	at org.testng.internal.invokers.TestMethodWorker.run(TestMethodWorker.java:128)
	at java.base/java.util.ArrayList.forEach(ArrayList.java:1511)
	at org.testng.TestRunner.privateRun(TestRunner.java:848)
	at org.testng.TestRunner.run(TestRunner.java:621)
	at org.testng.SuiteRunner.runTest(SuiteRunner.java:443)
	at org.testng.SuiteRunner.runSequentially(SuiteRunner.java:437)
	at org.testng.SuiteRunner.privateRun(SuiteRunner.java:397)
	at org.testng.SuiteRunner.run(SuiteRunner.java:336)
	at org.testng.SuiteRunnerWorker.runSuite(SuiteRunnerWorker.java:52)
	at org.testng.SuiteRunnerWorker.run(SuiteRunnerWorker.java:95)
	at org.testng.TestNG.runSuitesSequentially(TestNG.java:1280)
	at org.testng.TestNG.runSuitesLocally(TestNG.java:1200)
	at org.testng.TestNG.runSuites(TestNG.java:1114)
	at org.testng.TestNG.run(TestNG.java:1082)
	at org.apache.maven.surefire.testng.TestNGExecutor.run(TestNGExecutor.java:308)
	at org.apache.maven.surefire.testng.TestNGXmlTestSuite.execute(TestNGXmlTestSuite.java:71)
	at org.apache.maven.surefire.testng.TestNGProvider.invoke(TestNGProvider.java:113)
	at org.apache.maven.surefire.booter.ForkedBooter.runSuitesInProcess(ForkedBooter.java:385)
	at org.apache.maven.surefire.booter.ForkedBooter.execute(ForkedBooter.java:162)
	at org.apache.maven.surefire.booter.ForkedBooter.run(ForkedBooter.java:507)
	at org.apache.maven.surefire.booter.ForkedBooter.main(ForkedBooter.java:495)
]]></failure>
    <system-err><![CDATA[[2023-10-17 17:52:19] [WARNING] Connection reset 
[2023-10-17 17:52:19] [INFO   ] Fetching data from the data provider 'prerak_login' 
[2023-10-17 17:52:20] [INFO   ] Setting up the browser... 
[2023-10-17 17:52:21] [WARNING] Unable to find an exact match for CDP version 116, so returning the closest version found: 115 
[2023-10-17 17:52:22] [INFO   ] Started measuring time 2023-10-17T12:22:22.210795200Z 
[2023-10-17 17:52:22] [INFO   ] Executing LM_L_LP method 
[2023-10-17 17:52:22] [INFO   ] Executing prerak login LM_L_LP test 
[2023-10-17 17:52:22] [INFO   ] Entering username: varunb_b_9960051486 
[2023-10-17 17:52:24] [INFO   ] Entering password... 
[2023-10-17 17:52:24] [INFO   ] Clicking on login button... 
]]></system-err>
  </testcase>
  <testcase name="PM_PPE_PP_PrerakHome[public void pom.test.Prerak_Edit_Test.PM_PPE_PP_PrerakHome(java.lang.reflect.Method)](1)" classname="pom.test.Prerak_Edit_Test" time="22.381">
    <system-out><![CDATA[Prerak login Test LM_L_LP 20231017_175116
]]></system-out>
    <system-err><![CDATA[[2023-10-17 17:52:27] [WARNING] Test LM_L_LP failed. Capturing screenshot... 
[2023-10-17 17:52:28] [WARNING] Connection reset 
[2023-10-17 17:52:28] [INFO   ] Setting up the browser... 
[2023-10-17 17:52:29] [WARNING] Unable to find an exact match for CDP version 116, so returning the closest version found: 115 
[2023-10-17 17:52:30] [INFO   ] Started measuring time 2023-10-17T12:22:30.243620500Z 
[2023-10-17 17:52:30] [INFO   ] PM_PPE_PP_PrerakHome method 
[2023-10-17 17:52:30] [INFO   ] Executing common login... 
[2023-10-17 17:52:30] [INFO   ] Entering username: varunb_b_9960051486 
[2023-10-17 17:52:32] [INFO   ] Entering password... 
[2023-10-17 17:52:32] [INFO   ] Clicking on login button... 
[2023-10-17 17:52:33] [INFO   ] Common login executed successfully. 
[2023-10-17 17:52:33] [INFO   ] Executing PM_PPE_PP_PrerakProfileEdit test cases... 
[2023-10-17 17:52:35] [INFO   ] Clicking sidebar 
[2023-10-17 17:52:36] [INFO   ] Clicking Profile 
[2023-10-17 17:52:39] [INFO   ] Clicking editBasicDetails 
[2023-10-17 17:52:40] [INFO   ] Clicking editName 
[2023-10-17 17:52:42] [INFO   ] Clicking editContactDetails 
[2023-10-17 17:52:44] [INFO   ] Clicking editAddressDetails 
[2023-10-17 17:52:47] [INFO   ] Clicking editPersonalDetails 
[2023-10-17 17:52:48] [INFO   ] Clicking editReferenceDetails 
[2023-10-17 17:52:50] [INFO   ] Clicking editOtherDetails 
[2023-10-17 17:52:52] [INFO   ] PM_PPE_PP_PrerakProfileEdit executed successfully. 
[2023-10-17 17:52:52] [INFO   ] Test case execution completed 
[2023-10-17 17:52:52] [INFO   ] Time elapsed - [In milli-seconds: 22370] [In seconds:22.37] 
]]></system-err>
  </testcase>
  <testcase name="PM_PPE_PP_EditPrerakDetails_editName[Varun, Vishwas, Bhosale, 1995, 04, 16, public void pom.test.Prerak_Edit_Test.PM_PPE_PP_EditPrerakDetails_editName(java.lang.String,java.lang.String,java.lang.String,java.lang.String,java.lang.String,java.lang.String,java.lang.reflect.Method)](1)" classname="pom.test.Prerak_Edit_Test" time="22.483">
    <system-err><![CDATA[[2023-10-17 17:52:52] [WARNING] Connection reset 
[2023-10-17 17:52:52] [INFO   ] Fetching data from the data provider 'editName' 
[2023-10-17 17:52:52] [INFO   ] Setting up the browser... 
[2023-10-17 17:52:54] [WARNING] Unable to find an exact match for CDP version 116, so returning the closest version found: 115 
[2023-10-17 17:52:55] [INFO   ] Started measuring time 2023-10-17T12:22:55.243026800Z 
[2023-10-17 17:52:55] [INFO   ] EditPrerakDetails_PM_PPE_PP_editName method 
[2023-10-17 17:52:55] [INFO   ] Executing common login... 
[2023-10-17 17:52:55] [INFO   ] Entering username: varunb_b_9960051486 
[2023-10-17 17:52:57] [INFO   ] Entering password... 
[2023-10-17 17:52:58] [INFO   ] Clicking on login button... 
[2023-10-17 17:52:58] [INFO   ] Common login executed successfully. 
[2023-10-17 17:52:58] [INFO   ] Executing PM_PPE_PP_editName test cases... 
[2023-10-17 17:53:00] [INFO   ] Clicking sidebar 
[2023-10-17 17:53:01] [INFO   ] Clicking Profile 
[2023-10-17 17:53:04] [INFO   ] Clicking editBasicDetails 
[2023-10-17 17:53:06] [INFO   ] Clicking editName 
[2023-10-17 17:53:07] [INFO   ] Entering First Name 
[2023-10-17 17:53:09] [INFO   ] Entering Middle Name 
[2023-10-17 17:53:11] [INFO   ] Entering Last Name 
[2023-10-17 17:53:12] [INFO   ] Selecting Year 
[2023-10-17 17:53:14] [INFO   ] Selecting Month 
[2023-10-17 17:53:15] [INFO   ] Selecting Day 
[2023-10-17 17:53:16] [INFO   ] Clicking Save 
[2023-10-17 17:53:17] [INFO   ] PM_PPE_PP_editName Test executed successfully. 
[2023-10-17 17:53:17] [INFO   ] PM_PPE_PP_editName Test case execution completed 
[2023-10-17 17:53:17] [INFO   ] Time elapsed - [In milli-seconds: 22475] [In seconds:22.475] 
]]></system-err>
  </testcase>
</testsuite>